<?xml version="1.0" encoding="UTF-8"?>
<!-- Generated by org.testng.reporters.JUnitXMLReporter -->
<testsuite ignored="2" hostname="DESKTOP-IINMBJ2" failures="1" tests="3" name="Test" time="21.557" errors="0" timestamp="2023-01-01T16:08:51 IST">
  <testcase classname="tests.LoginTest" name="login" time="7.482"/>
  <testcase classname="tests.HomePageTest" name="VeriyTitle" time="0.049">
    <failure type="java.lang.AssertionError" message="Title does not matched expected [HRM] but found [OrangeHRM]">
      <![CDATA[java.lang.AssertionError: Title does not matched expected [HRM] but found [OrangeHRM]
at tests.HomePageTest.VeriyTitle(HomePageTest.java:48)
at java.base/java.util.ArrayList.forEach(ArrayList.java:1511)
... Removed 32 stack frames]]>
    </failure>
  </testcase> <!-- VeriyTitle -->
  <testcase classname="tests.HomePageTest" name="logout" time="13.647"/>
  <testcase classname="tests.BaseTest" name="@AfterSuite tear" time="0.0">
    <ignored/>
  </testcase> <!-- @AfterSuite tear -->
  <testcase classname="tests.BaseTest" name="@BeforeSuite launchBrowser" time="0.0">
    <ignored/>
  </testcase> <!-- @BeforeSuite launchBrowser -->
</testsuite> <!-- Test -->
